# JRE version: OpenJDK Runtime Environment (21.0.10) (build 21.0.10+-14961533-b1163.108)
# Java VM: OpenJDK 64-Bit Server VM (21.0.10+-14961533-b1163.108, mixed mode, tiered, compressed oops, compressed class ptrs, g1 gc, windows-amd64)
GC Precious Log:
 CardTable entry size: 512
 Card Set container configuration: InlinePtr #cards 5 size 8 Array Of Cards #cards 12 size 40 Howl #buckets 4 coarsen threshold 1843 Howl Bitmap #cards 512 size 80 coarsen threshold 460 Card regions per heap region 1 cards per card region 2048
 CPUs: 4 total, 4 available
 Memory: 8081M
 Large Page Support: Disabled
 NUMA Support: Disabled
 Compressed Oops: Enabled (32-bit)
 Heap Region Size: 1M
 Heap Min Capacity: 8M
 Heap Initial Capacity: 128M
 Heap Max Capacity: 2G
 Pre-touch: Disabled
 Parallel Workers: 4
 Concurrent Workers: 1
 Concurrent Refinement Workers: 4
 Periodic GC: Disabled
Heap:
 garbage-first heap   total 140288K, used 93925K [0x0000000080000000, 0x0000000100000000)
  region size 1024K, 12 young (12288K), 4 survivors (4096K)
 Metaspace       used 75059K, committed 76800K, reserved 1179648K
  class space    used 10549K, committed 11392K, reserved 1048576K
GC Heap History (20 events):
Event: 11.781 GC heap before
{Heap before GC invocations=15 (full 0):
 garbage-first heap   total 97280K, used 90450K [0x0000000080000000, 0x0000000100000000)
  region size 1024K, 28 young (28672K), 2 survivors (2048K)
 Metaspace       used 51045K, committed 52096K, reserved 1114112K
  class space    used 6973K, committed 7488K, reserved 1048576K
}
Event: 11.788 GC heap after
{Heap after GC invocations=16 (full 0):
 garbage-first heap   total 97280K, used 61687K [0x0000000080000000, 0x0000000100000000)
  region size 1024K, 4 young (4096K), 4 survivors (4096K)
 Metaspace       used 51045K, committed 52096K, reserved 1114112K
  class space    used 6973K, committed 7488K, reserved 1048576K
}
Event: 12.896 GC heap before
{Heap before GC invocations=16 (full 0):
 garbage-first heap   total 97280K, used 86263K [0x0000000080000000, 0x0000000100000000)
  region size 1024K, 29 young (29696K), 4 survivors (4096K)
 Metaspace       used 54164K, committed 55488K, reserved 1114112K
  class space    used 7508K, committed 8128K, reserved 1048576K
}
Event: 12.913 GC heap after
{Heap after GC invocations=17 (full 0):
 garbage-first heap   total 97280K, used 62724K [0x0000000080000000, 0x0000000100000000)
  region size 1024K, 4 young (4096K), 4 survivors (4096K)
 Metaspace       used 54164K, committed 55488K, reserved 1114112K
  class space    used 7508K, committed 8128K, reserved 1048576K
}
Event: 14.157 GC heap before
{Heap before GC invocations=18 (full 0):
 garbage-first heap   total 107520K, used 88324K [0x0000000080000000, 0x0000000100000000)
  region size 1024K, 29 young (29696K), 4 survivors (4096K)
 Metaspace       used 57104K, committed 58624K, reserved 1114112K
  class space    used 8032K, committed 8768K, reserved 1048576K
}
Event: 14.166 GC heap after
{Heap after GC invocations=19 (full 0):
 garbage-first heap   total 129024K, used 64189K [0x0000000080000000, 0x0000000100000000)
  region size 1024K, 3 young (3072K), 3 survivors (3072K)
 Metaspace       used 57104K, committed 58624K, reserved 1114112K
  class space    used 8032K, committed 8768K, reserved 1048576K
}
Event: 16.009 GC heap before
{Heap before GC invocations=19 (full 0):
 garbage-first heap   total 129024K, used 119485K [0x0000000080000000, 0x0000000100000000)
  region size 1024K, 54 young (55296K), 3 survivors (3072K)
 Metaspace       used 60812K, committed 62336K, reserved 1114112K
  class space    used 8422K, committed 9152K, reserved 1048576K
}
Event: 16.022 GC heap after
{Heap after GC invocations=20 (full 0):
 garbage-first heap   total 131072K, used 72289K [0x0000000080000000, 0x0000000100000000)
  region size 1024K, 7 young (7168K), 7 survivors (7168K)
 Metaspace       used 60812K, committed 62336K, reserved 1114112K
  class space    used 8422K, committed 9152K, reserved 1048576K
}
Event: 16.947 GC heap before
{Heap before GC invocations=20 (full 0):
 garbage-first heap   total 131072K, used 117345K [0x0000000080000000, 0x0000000100000000)
  region size 1024K, 51 young (52224K), 7 survivors (7168K)
 Metaspace       used 63487K, committed 65024K, reserved 1114112K
  class space    used 8867K, committed 9600K, reserved 1048576K
}
Event: 16.958 GC heap after
{Heap after GC invocations=21 (full 0):
 garbage-first heap   total 131072K, used 74794K [0x0000000080000000, 0x0000000100000000)
  region size 1024K, 3 young (3072K), 3 survivors (3072K)
 Metaspace       used 63487K, committed 65024K, reserved 1114112K
  class space    used 8867K, committed 9600K, reserved 1048576K
}
Event: 18.008 GC heap before
{Heap before GC invocations=22 (full 0):
 garbage-first heap   total 131072K, used 118826K [0x0000000080000000, 0x0000000100000000)
  region size 1024K, 46 young (47104K), 3 survivors (3072K)
 Metaspace       used 69150K, committed 70784K, reserved 1114112K
  class space    used 9695K, committed 10496K, reserved 1048576K
}
Event: 18.014 GC heap after
{Heap after GC invocations=23 (full 0):
 garbage-first heap   total 131072K, used 76721K [0x0000000080000000, 0x0000000100000000)
  region size 1024K, 5 young (5120K), 5 survivors (5120K)
 Metaspace       used 69150K, committed 70784K, reserved 1114112K
  class space    used 9695K, committed 10496K, reserved 1048576K
}
Event: 19.207 GC heap before
{Heap before GC invocations=23 (full 0):
 garbage-first heap   total 131072K, used 119729K [0x0000000080000000, 0x0000000100000000)
  region size 1024K, 47 young (48128K), 5 survivors (5120K)
 Metaspace       used 73612K, committed 75392K, reserved 1114112K
  class space    used 10417K, committed 11264K, reserved 1048576K
}
Event: 19.217 GC heap after
{Heap after GC invocations=24 (full 0):
 garbage-first heap   total 131072K, used 78833K [0x0000000080000000, 0x0000000100000000)
  region size 1024K, 6 young (6144K), 6 survivors (6144K)
 Metaspace       used 73612K, committed 75392K, reserved 1114112K
  class space    used 10417K, committed 11264K, reserved 1048576K
}
Event: 21.278 GC heap before
{Heap before GC invocations=24 (full 0):
 garbage-first heap   total 131072K, used 118769K [0x0000000080000000, 0x0000000100000000)
  region size 1024K, 46 young (47104K), 6 survivors (6144K)
 Metaspace       used 74827K, committed 76608K, reserved 1114112K
  class space    used 10547K, committed 11392K, reserved 1048576K
}
Event: 21.309 GC heap after
{Heap after GC invocations=25 (full 0):
 garbage-first heap   total 131072K, used 83968K [0x0000000080000000, 0x0000000100000000)
  region size 1024K, 6 young (6144K), 6 survivors (6144K)
 Metaspace       used 74827K, committed 76608K, reserved 1114112K
  class space    used 10547K, committed 11392K, reserved 1048576K
}
Event: 22.691 GC heap before
{Heap before GC invocations=26 (full 0):
 garbage-first heap   total 140288K, used 118784K [0x0000000080000000, 0x0000000100000000)
  region size 1024K, 41 young (41984K), 6 survivors (6144K)
 Metaspace       used 75024K, committed 76800K, reserved 1179648K
  class space    used 10547K, committed 11392K, reserved 1048576K
}
Event: 22.703 GC heap after
{Heap after GC invocations=27 (full 0):
 garbage-first heap   total 140288K, used 87345K [0x0000000080000000, 0x0000000100000000)
  region size 1024K, 4 young (4096K), 4 survivors (4096K)
 Metaspace       used 75024K, committed 76800K, reserved 1179648K
  class space    used 10547K, committed 11392K, reserved 1048576K
}
Event: 26.152 GC heap before
{Heap before GC invocations=27 (full 0):
 garbage-first heap   total 140288K, used 127281K [0x0000000080000000, 0x0000000100000000)
  region size 1024K, 43 young (44032K), 4 survivors (4096K)
 Metaspace       used 75055K, committed 76800K, reserved 1179648K
  class space    used 10548K, committed 11392K, reserved 1048576K
}
Event: 26.160 GC heap after
{Heap after GC invocations=28 (full 0):
 garbage-first heap   total 140288K, used 86757K [0x0000000080000000, 0x0000000100000000)
  region size 1024K, 4 young (4096K), 4 survivors (4096K)
 Metaspace       used 75055K, committed 76800K, reserved 1179648K
  class space    used 10548K, committed 11392K, reserved 1048576K
}

